ERROR - 2022-12-25 12:05:46 --> mysqli_sql_exception: Table 'futsal_abc.users' doesn't exist in C:\xampp\htdocs\futsal\system\Database\MySQLi\Connection.php:292
Stack trace:
#0 C:\xampp\htdocs\futsal\system\Database\MySQLi\Connection.php(292): mysqli->query('SELECT *\nFROM `...', 0)
#1 C:\xampp\htdocs\futsal\system\Database\BaseConnection.php(666): CodeIgniter\Database\MySQLi\Connection->execute('SELECT *\nFROM `...')
#2 C:\xampp\htdocs\futsal\system\Database\BaseConnection.php(593): CodeIgniter\Database\BaseConnection->simpleQuery('SELECT *\nFROM `...')
#3 C:\xampp\htdocs\futsal\system\Database\BaseBuilder.php(1585): CodeIgniter\Database\BaseConnection->query('SELECT *\nFROM `...', Array, false)
#4 C:\xampp\htdocs\futsal\app\Controllers\Api\Auth.php(78): CodeIgniter\Database\BaseBuilder->get()
#5 C:\xampp\htdocs\futsal\system\CodeIgniter.php(925): App\Controllers\api\Auth->login()
#6 C:\xampp\htdocs\futsal\system\CodeIgniter.php(480): CodeIgniter\CodeIgniter->runController(Object(App\Controllers\api\Auth))
#7 C:\xampp\htdocs\futsal\system\CodeIgniter.php(349): CodeIgniter\CodeIgniter->handleRequest(NULL, Object(Config\Cache), false)
#8 C:\xampp\htdocs\futsal\public\index.php(67): CodeIgniter\CodeIgniter->run()
#9 C:\xampp\htdocs\futsal\system\Commands\Server\rewrite.php(47): require_once('C:\\xampp\\htdocs...')
#10 {main}
CRITICAL - 2022-12-25 12:05:46 --> Table 'futsal_abc.users' doesn't exist
in SYSTEMPATH\Database\MySQLi\Connection.php on line 292.
 1 SYSTEMPATH\Database\MySQLi\Connection.php(292): mysqli->query('SELECT *
FROM `users`
WHERE `email` = \'aab@gmail.com\'
AND `password` = \'2b3900a914a4b9af24c153a133b9ae9f\'', 0)
 2 SYSTEMPATH\Database\BaseConnection.php(666): CodeIgniter\Database\MySQLi\Connection->execute('SELECT *
FROM `users`
WHERE `email` = \'aab@gmail.com\'
AND `password` = \'2b3900a914a4b9af24c153a133b9ae9f\'')
 3 SYSTEMPATH\Database\BaseConnection.php(593): CodeIgniter\Database\BaseConnection->simpleQuery('SELECT *
FROM `users`
WHERE `email` = \'aab@gmail.com\'
AND `password` = \'2b3900a914a4b9af24c153a133b9ae9f\'')
 4 SYSTEMPATH\Database\BaseBuilder.php(1585): CodeIgniter\Database\BaseConnection->query('SELECT *
FROM `users`
WHERE `email` = :email:
AND `password` = :password:', [...], false)
 5 APPPATH\Controllers\Api\Auth.php(78): CodeIgniter\Database\BaseBuilder->get()
 6 SYSTEMPATH\CodeIgniter.php(925): App\Controllers\api\Auth->login()
 7 SYSTEMPATH\CodeIgniter.php(480): CodeIgniter\CodeIgniter->runController(Object(App\Controllers\api\Auth))
 8 SYSTEMPATH\CodeIgniter.php(349): CodeIgniter\CodeIgniter->handleRequest(null, Object(Config\Cache), false)
 9 FCPATH\index.php(67): CodeIgniter\CodeIgniter->run()
10 SYSTEMPATH\Commands\Server\rewrite.php(47): require_once('FCPATH\\index.php')
ERROR - 2022-12-25 12:17:16 --> mysqli_sql_exception: Column 'name' cannot be null in C:\xampp\htdocs\futsal\system\Database\MySQLi\Connection.php:292
Stack trace:
#0 C:\xampp\htdocs\futsal\system\Database\MySQLi\Connection.php(292): mysqli->query('INSERT INTO `us...', 0)
#1 C:\xampp\htdocs\futsal\system\Database\BaseConnection.php(666): CodeIgniter\Database\MySQLi\Connection->execute('INSERT INTO `us...')
#2 C:\xampp\htdocs\futsal\system\Database\BaseConnection.php(593): CodeIgniter\Database\BaseConnection->simpleQuery('INSERT INTO `us...')
#3 C:\xampp\htdocs\futsal\system\Database\BaseBuilder.php(1916): CodeIgniter\Database\BaseConnection->query('INSERT INTO `us...', Array, false)
#4 C:\xampp\htdocs\futsal\app\Controllers\Api\Auth.php(46): CodeIgniter\Database\BaseBuilder->insert(Array)
#5 C:\xampp\htdocs\futsal\system\CodeIgniter.php(925): App\Controllers\api\Auth->registration()
#6 C:\xampp\htdocs\futsal\system\CodeIgniter.php(480): CodeIgniter\CodeIgniter->runController(Object(App\Controllers\api\Auth))
#7 C:\xampp\htdocs\futsal\system\CodeIgniter.php(349): CodeIgniter\CodeIgniter->handleRequest(NULL, Object(Config\Cache), false)
#8 C:\xampp\htdocs\futsal\public\index.php(67): CodeIgniter\CodeIgniter->run()
#9 C:\xampp\htdocs\futsal\system\Commands\Server\rewrite.php(47): require_once('C:\\xampp\\htdocs...')
#10 {main}
CRITICAL - 2022-12-25 12:17:16 --> Column 'name' cannot be null
in SYSTEMPATH\Database\MySQLi\Connection.php on line 292.
 1 SYSTEMPATH\Database\MySQLi\Connection.php(292): mysqli->query('INSERT INTO `users` (`email`, `password`, `name`, `phone`, `roles`, `created_at`) VALUES (\'ujang@gmail.com\', \'2b3900a914a4b9af24c153a133b9ae9f\', NULL, \'0993729732\', \'1\', \'2022-12-25 12:17:16\')', 0)
 2 SYSTEMPATH\Database\BaseConnection.php(666): CodeIgniter\Database\MySQLi\Connection->execute('INSERT INTO `users` (`email`, `password`, `name`, `phone`, `roles`, `created_at`) VALUES (\'ujang@gmail.com\', \'2b3900a914a4b9af24c153a133b9ae9f\', NULL, \'0993729732\', \'1\', \'2022-12-25 12:17:16\')')
 3 SYSTEMPATH\Database\BaseConnection.php(593): CodeIgniter\Database\BaseConnection->simpleQuery('INSERT INTO `users` (`email`, `password`, `name`, `phone`, `roles`, `created_at`) VALUES (\'ujang@gmail.com\', \'2b3900a914a4b9af24c153a133b9ae9f\', NULL, \'0993729732\', \'1\', \'2022-12-25 12:17:16\')')
 4 SYSTEMPATH\Database\BaseBuilder.php(1916): CodeIgniter\Database\BaseConnection->query('INSERT INTO `users` (`email`, `password`, `name`, `phone`, `roles`, `created_at`) VALUES (:email:, :password:, :name:, :phone:, :roles:, :created_at:)', [...], false)
 5 APPPATH\Controllers\Api\Auth.php(46): CodeIgniter\Database\BaseBuilder->insert([...])
 6 SYSTEMPATH\CodeIgniter.php(925): App\Controllers\api\Auth->registration()
 7 SYSTEMPATH\CodeIgniter.php(480): CodeIgniter\CodeIgniter->runController(Object(App\Controllers\api\Auth))
 8 SYSTEMPATH\CodeIgniter.php(349): CodeIgniter\CodeIgniter->handleRequest(null, Object(Config\Cache), false)
 9 FCPATH\index.php(67): CodeIgniter\CodeIgniter->run()
10 SYSTEMPATH\Commands\Server\rewrite.php(47): require_once('FCPATH\\index.php')
ERROR - 2022-12-25 13:08:09 --> mysqli_sql_exception: Unknown column 'date_created' in 'field list' in C:\xampp\htdocs\futsal\system\Database\MySQLi\Connection.php:292
Stack trace:
#0 C:\xampp\htdocs\futsal\system\Database\MySQLi\Connection.php(292): mysqli->query('INSERT INTO `fu...', 0)
#1 C:\xampp\htdocs\futsal\system\Database\BaseConnection.php(666): CodeIgniter\Database\MySQLi\Connection->execute('INSERT INTO `fu...')
#2 C:\xampp\htdocs\futsal\system\Database\BaseConnection.php(593): CodeIgniter\Database\BaseConnection->simpleQuery('INSERT INTO `fu...')
#3 C:\xampp\htdocs\futsal\system\Database\BaseBuilder.php(1916): CodeIgniter\Database\BaseConnection->query('INSERT INTO `fu...', Array, false)
#4 C:\xampp\htdocs\futsal\app\Controllers\Api\Futsal.php(48): CodeIgniter\Database\BaseBuilder->insert(Array)
#5 C:\xampp\htdocs\futsal\system\CodeIgniter.php(925): App\Controllers\api\Futsal->insert_futsal()
#6 C:\xampp\htdocs\futsal\system\CodeIgniter.php(480): CodeIgniter\CodeIgniter->runController(Object(App\Controllers\api\Futsal))
#7 C:\xampp\htdocs\futsal\system\CodeIgniter.php(349): CodeIgniter\CodeIgniter->handleRequest(NULL, Object(Config\Cache), false)
#8 C:\xampp\htdocs\futsal\public\index.php(67): CodeIgniter\CodeIgniter->run()
#9 C:\xampp\htdocs\futsal\system\Commands\Server\rewrite.php(47): require_once('C:\\xampp\\htdocs...')
#10 {main}
CRITICAL - 2022-12-25 13:08:10 --> Unknown column 'date_created' in 'field list'
in SYSTEMPATH\Database\MySQLi\Connection.php on line 292.
 1 SYSTEMPATH\Database\MySQLi\Connection.php(292): mysqli->query('INSERT INTO `futsal` (`name`, `jumlah_lapangan`, `id_pengelola`, `alamat_lapangan`, `maps`, `date_created`) VALUES (\'admin Alexd\', \'3\', \'2\', \'JL samkas\', \'ansjjasjas\', \'2022-12-25 13:08:09\')', 0)
 2 SYSTEMPATH\Database\BaseConnection.php(666): CodeIgniter\Database\MySQLi\Connection->execute('INSERT INTO `futsal` (`name`, `jumlah_lapangan`, `id_pengelola`, `alamat_lapangan`, `maps`, `date_created`) VALUES (\'admin Alexd\', \'3\', \'2\', \'JL samkas\', \'ansjjasjas\', \'2022-12-25 13:08:09\')')
 3 SYSTEMPATH\Database\BaseConnection.php(593): CodeIgniter\Database\BaseConnection->simpleQuery('INSERT INTO `futsal` (`name`, `jumlah_lapangan`, `id_pengelola`, `alamat_lapangan`, `maps`, `date_created`) VALUES (\'admin Alexd\', \'3\', \'2\', \'JL samkas\', \'ansjjasjas\', \'2022-12-25 13:08:09\')')
 4 SYSTEMPATH\Database\BaseBuilder.php(1916): CodeIgniter\Database\BaseConnection->query('INSERT INTO `futsal` (`name`, `jumlah_lapangan`, `id_pengelola`, `alamat_lapangan`, `maps`, `date_created`) VALUES (:name:, :jumlah_lapangan:, :id_pengelola:, :alamat_lapangan:, :maps:, :date_created:)', [...], false)
 5 APPPATH\Controllers\Api\Futsal.php(48): CodeIgniter\Database\BaseBuilder->insert([...])
 6 SYSTEMPATH\CodeIgniter.php(925): App\Controllers\api\Futsal->insert_futsal()
 7 SYSTEMPATH\CodeIgniter.php(480): CodeIgniter\CodeIgniter->runController(Object(App\Controllers\api\Futsal))
 8 SYSTEMPATH\CodeIgniter.php(349): CodeIgniter\CodeIgniter->handleRequest(null, Object(Config\Cache), false)
 9 FCPATH\index.php(67): CodeIgniter\CodeIgniter->run()
10 SYSTEMPATH\Commands\Server\rewrite.php(47): require_once('FCPATH\\index.php')
ERROR - 2022-12-25 13:09:36 --> mysqli_sql_exception: Unknown column 'date_created' in 'field list' in C:\xampp\htdocs\futsal\system\Database\MySQLi\Connection.php:292
Stack trace:
#0 C:\xampp\htdocs\futsal\system\Database\MySQLi\Connection.php(292): mysqli->query('INSERT INTO `fu...', 0)
#1 C:\xampp\htdocs\futsal\system\Database\BaseConnection.php(666): CodeIgniter\Database\MySQLi\Connection->execute('INSERT INTO `fu...')
#2 C:\xampp\htdocs\futsal\system\Database\BaseConnection.php(593): CodeIgniter\Database\BaseConnection->simpleQuery('INSERT INTO `fu...')
#3 C:\xampp\htdocs\futsal\system\Database\BaseBuilder.php(1916): CodeIgniter\Database\BaseConnection->query('INSERT INTO `fu...', Array, false)
#4 C:\xampp\htdocs\futsal\app\Controllers\Api\Futsal.php(48): CodeIgniter\Database\BaseBuilder->insert(Array)
#5 C:\xampp\htdocs\futsal\system\CodeIgniter.php(925): App\Controllers\api\Futsal->insert_futsal()
#6 C:\xampp\htdocs\futsal\system\CodeIgniter.php(480): CodeIgniter\CodeIgniter->runController(Object(App\Controllers\api\Futsal))
#7 C:\xampp\htdocs\futsal\system\CodeIgniter.php(349): CodeIgniter\CodeIgniter->handleRequest(NULL, Object(Config\Cache), false)
#8 C:\xampp\htdocs\futsal\public\index.php(67): CodeIgniter\CodeIgniter->run()
#9 C:\xampp\htdocs\futsal\system\Commands\Server\rewrite.php(47): require_once('C:\\xampp\\htdocs...')
#10 {main}
CRITICAL - 2022-12-25 13:09:36 --> Unknown column 'date_created' in 'field list'
in SYSTEMPATH\Database\MySQLi\Connection.php on line 292.
 1 SYSTEMPATH\Database\MySQLi\Connection.php(292): mysqli->query('INSERT INTO `futsal` (`name`, `jumlah_lapangan`, `id_pengelola`, `alamat_lapangan`, `maps`, `date_created`) VALUES (\'admin Alexd\', \'3\', \'2\', \'JL samkas\', \'ansjjasjas\', \'2022-12-25 13:09:36\')', 0)
 2 SYSTEMPATH\Database\BaseConnection.php(666): CodeIgniter\Database\MySQLi\Connection->execute('INSERT INTO `futsal` (`name`, `jumlah_lapangan`, `id_pengelola`, `alamat_lapangan`, `maps`, `date_created`) VALUES (\'admin Alexd\', \'3\', \'2\', \'JL samkas\', \'ansjjasjas\', \'2022-12-25 13:09:36\')')
 3 SYSTEMPATH\Database\BaseConnection.php(593): CodeIgniter\Database\BaseConnection->simpleQuery('INSERT INTO `futsal` (`name`, `jumlah_lapangan`, `id_pengelola`, `alamat_lapangan`, `maps`, `date_created`) VALUES (\'admin Alexd\', \'3\', \'2\', \'JL samkas\', \'ansjjasjas\', \'2022-12-25 13:09:36\')')
 4 SYSTEMPATH\Database\BaseBuilder.php(1916): CodeIgniter\Database\BaseConnection->query('INSERT INTO `futsal` (`name`, `jumlah_lapangan`, `id_pengelola`, `alamat_lapangan`, `maps`, `date_created`) VALUES (:name:, :jumlah_lapangan:, :id_pengelola:, :alamat_lapangan:, :maps:, :date_created:)', [...], false)
 5 APPPATH\Controllers\Api\Futsal.php(48): CodeIgniter\Database\BaseBuilder->insert([...])
 6 SYSTEMPATH\CodeIgniter.php(925): App\Controllers\api\Futsal->insert_futsal()
 7 SYSTEMPATH\CodeIgniter.php(480): CodeIgniter\CodeIgniter->runController(Object(App\Controllers\api\Futsal))
 8 SYSTEMPATH\CodeIgniter.php(349): CodeIgniter\CodeIgniter->handleRequest(null, Object(Config\Cache), false)
 9 FCPATH\index.php(67): CodeIgniter\CodeIgniter->run()
10 SYSTEMPATH\Commands\Server\rewrite.php(47): require_once('FCPATH\\index.php')
ERROR - 2022-12-25 13:09:39 --> mysqli_sql_exception: Unknown column 'date_created' in 'field list' in C:\xampp\htdocs\futsal\system\Database\MySQLi\Connection.php:292
Stack trace:
#0 C:\xampp\htdocs\futsal\system\Database\MySQLi\Connection.php(292): mysqli->query('INSERT INTO `fu...', 0)
#1 C:\xampp\htdocs\futsal\system\Database\BaseConnection.php(666): CodeIgniter\Database\MySQLi\Connection->execute('INSERT INTO `fu...')
#2 C:\xampp\htdocs\futsal\system\Database\BaseConnection.php(593): CodeIgniter\Database\BaseConnection->simpleQuery('INSERT INTO `fu...')
#3 C:\xampp\htdocs\futsal\system\Database\BaseBuilder.php(1916): CodeIgniter\Database\BaseConnection->query('INSERT INTO `fu...', Array, false)
#4 C:\xampp\htdocs\futsal\app\Controllers\Api\Futsal.php(48): CodeIgniter\Database\BaseBuilder->insert(Array)
#5 C:\xampp\htdocs\futsal\system\CodeIgniter.php(925): App\Controllers\api\Futsal->insert_futsal()
#6 C:\xampp\htdocs\futsal\system\CodeIgniter.php(480): CodeIgniter\CodeIgniter->runController(Object(App\Controllers\api\Futsal))
#7 C:\xampp\htdocs\futsal\system\CodeIgniter.php(349): CodeIgniter\CodeIgniter->handleRequest(NULL, Object(Config\Cache), false)
#8 C:\xampp\htdocs\futsal\public\index.php(67): CodeIgniter\CodeIgniter->run()
#9 C:\xampp\htdocs\futsal\system\Commands\Server\rewrite.php(47): require_once('C:\\xampp\\htdocs...')
#10 {main}
CRITICAL - 2022-12-25 13:09:39 --> Unknown column 'date_created' in 'field list'
in SYSTEMPATH\Database\MySQLi\Connection.php on line 292.
 1 SYSTEMPATH\Database\MySQLi\Connection.php(292): mysqli->query('INSERT INTO `futsal` (`name`, `jumlah_lapangan`, `id_pengelola`, `alamat_lapangan`, `maps`, `date_created`) VALUES (\'admin Alexd\', \'3\', \'2\', \'JL samkas\', \'ansjjasjas\', \'2022-12-25 13:09:39\')', 0)
 2 SYSTEMPATH\Database\BaseConnection.php(666): CodeIgniter\Database\MySQLi\Connection->execute('INSERT INTO `futsal` (`name`, `jumlah_lapangan`, `id_pengelola`, `alamat_lapangan`, `maps`, `date_created`) VALUES (\'admin Alexd\', \'3\', \'2\', \'JL samkas\', \'ansjjasjas\', \'2022-12-25 13:09:39\')')
 3 SYSTEMPATH\Database\BaseConnection.php(593): CodeIgniter\Database\BaseConnection->simpleQuery('INSERT INTO `futsal` (`name`, `jumlah_lapangan`, `id_pengelola`, `alamat_lapangan`, `maps`, `date_created`) VALUES (\'admin Alexd\', \'3\', \'2\', \'JL samkas\', \'ansjjasjas\', \'2022-12-25 13:09:39\')')
 4 SYSTEMPATH\Database\BaseBuilder.php(1916): CodeIgniter\Database\BaseConnection->query('INSERT INTO `futsal` (`name`, `jumlah_lapangan`, `id_pengelola`, `alamat_lapangan`, `maps`, `date_created`) VALUES (:name:, :jumlah_lapangan:, :id_pengelola:, :alamat_lapangan:, :maps:, :date_created:)', [...], false)
 5 APPPATH\Controllers\Api\Futsal.php(48): CodeIgniter\Database\BaseBuilder->insert([...])
 6 SYSTEMPATH\CodeIgniter.php(925): App\Controllers\api\Futsal->insert_futsal()
 7 SYSTEMPATH\CodeIgniter.php(480): CodeIgniter\CodeIgniter->runController(Object(App\Controllers\api\Futsal))
 8 SYSTEMPATH\CodeIgniter.php(349): CodeIgniter\CodeIgniter->handleRequest(null, Object(Config\Cache), false)
 9 FCPATH\index.php(67): CodeIgniter\CodeIgniter->run()
10 SYSTEMPATH\Commands\Server\rewrite.php(47): require_once('FCPATH\\index.php')
